{"C:\\tunts\\queue\\jqueue\\src\\jqueue.js":{"path":"C:\\tunts\\queue\\jqueue\\src\\jqueue.js","s":{"1":1,"2":1,"3":1,"4":1,"5":1,"6":1,"7":1,"8":1,"9":3,"10":0,"11":0,"12":0,"13":0,"14":1,"15":3,"16":1,"17":0,"18":0,"19":0,"20":0,"21":0,"22":1,"23":3,"24":3,"25":2,"26":2,"27":2,"28":2,"29":1,"30":1,"31":1,"32":1,"33":0,"34":0,"35":0,"36":0,"37":3,"38":0,"39":3,"40":3,"41":0,"42":0,"43":0,"44":0,"45":0,"46":0,"47":0,"48":0,"49":0,"50":0,"51":0,"52":1,"53":1,"54":1},"b":{"1":[0,0],"2":[0,0],"3":[2,1,0],"4":[0,3],"5":[0,0],"6":[0,0],"7":[0,0]},"f":{"1":1,"2":3,"3":0,"4":3,"5":0,"6":3,"7":0,"8":0},"fnMap":{"1":{"name":"Jqueue","line":5,"loc":{"start":{"line":5,"column":0},"end":{"line":5,"column":20}}},"2":{"name":"execQuery","line":11,"loc":{"start":{"line":11,"column":4},"end":{"line":11,"column":42}}},"3":{"name":"(anonymous_3)","line":12,"loc":{"start":{"line":12,"column":33},"end":{"line":12,"column":61}}},"4":{"name":"verifyIfQueueExists","line":22,"loc":{"start":{"line":22,"column":4},"end":{"line":22,"column":48}}},"5":{"name":"createNewQueue","line":26,"loc":{"start":{"line":26,"column":4},"end":{"line":26,"column":53}}},"6":{"name":"use","line":44,"loc":{"start":{"line":44,"column":4},"end":{"line":44,"column":64}}},"7":{"name":"(anonymous_7)","line":67,"loc":{"start":{"line":67,"column":43},"end":{"line":67,"column":60}}},"8":{"name":"(anonymous_8)","line":72,"loc":{"start":{"line":72,"column":60},"end":{"line":72,"column":77}}}},"statementMap":{"1":{"start":{"line":1,"column":0},"end":{"line":1,"column":32}},"2":{"start":{"line":2,"column":0},"end":{"line":2,"column":46}},"3":{"start":{"line":3,"column":0},"end":{"line":3,"column":37}},"4":{"start":{"line":5,"column":0},"end":{"line":90,"column":1}},"5":{"start":{"line":7,"column":4},"end":{"line":7,"column":24}},"6":{"start":{"line":8,"column":4},"end":{"line":8,"column":19}},"7":{"start":{"line":9,"column":4},"end":{"line":9,"column":20}},"8":{"start":{"line":11,"column":4},"end":{"line":20,"column":5}},"9":{"start":{"line":12,"column":8},"end":{"line":19,"column":11}},"10":{"start":{"line":13,"column":12},"end":{"line":18,"column":13}},"11":{"start":{"line":14,"column":16},"end":{"line":14,"column":26}},"12":{"start":{"line":16,"column":16},"end":{"line":16,"column":52}},"13":{"start":{"line":17,"column":16},"end":{"line":17,"column":37}},"14":{"start":{"line":22,"column":4},"end":{"line":24,"column":5}},"15":{"start":{"line":23,"column":8},"end":{"line":23,"column":63}},"16":{"start":{"line":26,"column":4},"end":{"line":42,"column":5}},"17":{"start":{"line":27,"column":8},"end":{"line":27,"column":26}},"18":{"start":{"line":28,"column":8},"end":{"line":32,"column":9}},"19":{"start":{"line":29,"column":12},"end":{"line":29,"column":37}},"20":{"start":{"line":31,"column":12},"end":{"line":31,"column":37}},"21":{"start":{"line":33,"column":8},"end":{"line":41,"column":72}},"22":{"start":{"line":44,"column":4},"end":{"line":87,"column":5}},"23":{"start":{"line":45,"column":8},"end":{"line":45,"column":35}},"24":{"start":{"line":46,"column":8},"end":{"line":62,"column":9}},"25":{"start":{"line":48,"column":16},"end":{"line":48,"column":33}},"26":{"start":{"line":49,"column":16},"end":{"line":49,"column":33}},"27":{"start":{"line":50,"column":16},"end":{"line":50,"column":32}},"28":{"start":{"line":51,"column":16},"end":{"line":51,"column":22}},"29":{"start":{"line":53,"column":16},"end":{"line":53,"column":40}},"30":{"start":{"line":54,"column":16},"end":{"line":54,"column":33}},"31":{"start":{"line":55,"column":16},"end":{"line":55,"column":32}},"32":{"start":{"line":56,"column":16},"end":{"line":56,"column":22}},"33":{"start":{"line":58,"column":16},"end":{"line":58,"column":40}},"34":{"start":{"line":59,"column":16},"end":{"line":59,"column":40}},"35":{"start":{"line":60,"column":16},"end":{"line":60,"column":32}},"36":{"start":{"line":61,"column":16},"end":{"line":61,"column":22}},"37":{"start":{"line":63,"column":8},"end":{"line":86,"column":9}},"38":{"start":{"line":64,"column":12},"end":{"line":64,"column":50}},"39":{"start":{"line":66,"column":12},"end":{"line":66,"column":34}},"40":{"start":{"line":67,"column":12},"end":{"line":85,"column":15}},"41":{"start":{"line":68,"column":16},"end":{"line":84,"column":17}},"42":{"start":{"line":69,"column":20},"end":{"line":79,"column":21}},"43":{"start":{"line":70,"column":24},"end":{"line":70,"column":44}},"44":{"start":{"line":72,"column":24},"end":{"line":78,"column":26}},"45":{"start":{"line":73,"column":28},"end":{"line":76,"column":29}},"46":{"start":{"line":74,"column":32},"end":{"line":74,"column":73}},"47":{"start":{"line":75,"column":32},"end":{"line":75,"column":58}},"48":{"start":{"line":77,"column":28},"end":{"line":77,"column":55}},"49":{"start":{"line":81,"column":20},"end":{"line":81,"column":61}},"50":{"start":{"line":82,"column":20},"end":{"line":82,"column":46}},"51":{"start":{"line":83,"column":20},"end":{"line":83,"column":47}},"52":{"start":{"line":89,"column":4},"end":{"line":89,"column":19}},"53":{"start":{"line":91,"column":0},"end":{"line":91,"column":28}},"54":{"start":{"line":93,"column":0},"end":{"line":93,"column":24}}},"branchMap":{"1":{"line":13,"type":"if","locations":[{"start":{"line":13,"column":12},"end":{"line":13,"column":12}},{"start":{"line":13,"column":12},"end":{"line":13,"column":12}}]},"2":{"line":28,"type":"if","locations":[{"start":{"line":28,"column":8},"end":{"line":28,"column":8}},{"start":{"line":28,"column":8},"end":{"line":28,"column":8}}]},"3":{"line":46,"type":"switch","locations":[{"start":{"line":47,"column":12},"end":{"line":51,"column":22}},{"start":{"line":52,"column":12},"end":{"line":56,"column":22}},{"start":{"line":57,"column":12},"end":{"line":61,"column":22}}]},"4":{"line":63,"type":"if","locations":[{"start":{"line":63,"column":8},"end":{"line":63,"column":8}},{"start":{"line":63,"column":8},"end":{"line":63,"column":8}}]},"5":{"line":68,"type":"if","locations":[{"start":{"line":68,"column":16},"end":{"line":68,"column":16}},{"start":{"line":68,"column":16},"end":{"line":68,"column":16}}]},"6":{"line":69,"type":"if","locations":[{"start":{"line":69,"column":20},"end":{"line":69,"column":20}},{"start":{"line":69,"column":20},"end":{"line":69,"column":20}}]},"7":{"line":73,"type":"if","locations":[{"start":{"line":73,"column":28},"end":{"line":73,"column":28}},{"start":{"line":73,"column":28},"end":{"line":73,"column":28}}]}}},"C:\\tunts\\queue\\jqueue\\src\\queue.js":{"path":"C:\\tunts\\queue\\jqueue\\src\\queue.js","s":{"1":1,"2":1,"3":1,"4":1,"5":1,"6":0,"7":0,"8":0,"9":1,"10":0,"11":0,"12":0,"13":0,"14":0,"15":0,"16":0,"17":0,"18":0,"19":0,"20":0,"21":0,"22":0,"23":0,"24":0,"25":0,"26":0,"27":0,"28":0,"29":0,"30":0,"31":0,"32":0,"33":0,"34":0,"35":0,"36":0,"37":0,"38":0,"39":0,"40":0,"41":0,"42":0,"43":0,"44":0,"45":0,"46":0,"47":0,"48":0,"49":0,"50":0,"51":0,"52":0,"53":0,"54":0,"55":0,"56":0,"57":0,"58":0,"59":0,"60":0,"61":0,"62":0,"63":0,"64":0,"65":0,"66":0,"67":0,"68":0,"69":0,"70":0,"71":0,"72":0,"73":0,"74":0,"75":0,"76":0,"77":0,"78":0,"79":0,"80":0,"81":0,"82":0,"83":0,"84":0,"85":0,"86":0,"87":0,"88":0,"89":0,"90":0,"91":0,"92":0,"93":0,"94":0,"95":0,"96":0,"97":0,"98":0,"99":0,"100":0,"101":0,"102":0,"103":0,"104":0,"105":0,"106":1,"107":0,"108":1,"109":0,"110":0,"111":0,"112":0,"113":0,"114":0,"115":0,"116":0,"117":0,"118":0,"119":0,"120":1,"121":0,"122":1,"123":0,"124":1,"125":0,"126":1,"127":1},"b":{"1":[0,0],"2":[0,0,0],"3":[0,0],"4":[0,0],"5":[0,0],"6":[0,0],"7":[0,0,0],"8":[0,0,0],"9":[0,0],"10":[0,0],"11":[0,0],"12":[0,0],"13":[0,0],"14":[0,0,0],"15":[0,0],"16":[0,0],"17":[0,0],"18":[0,0],"19":[0,0],"20":[0,0],"21":[0,0],"22":[0,0,0]},"f":{"1":0,"2":0,"3":0,"4":0,"5":0,"6":0,"7":0,"8":0,"9":0,"10":0,"11":0,"12":0,"13":0,"14":0,"15":0,"16":0,"17":0,"18":0,"19":0,"20":0,"21":0,"22":0,"23":0,"24":0,"25":0,"26":0},"fnMap":{"1":{"name":"Queue","line":7,"loc":{"start":{"line":7,"column":0},"end":{"line":7,"column":34}}},"2":{"name":"execQuery","line":12,"loc":{"start":{"line":12,"column":4},"end":{"line":12,"column":42}}},"3":{"name":"(anonymous_3)","line":13,"loc":{"start":{"line":13,"column":33},"end":{"line":13,"column":61}}},"4":{"name":"(anonymous_4)","line":23,"loc":{"start":{"line":23,"column":19},"end":{"line":23,"column":30}}},"5":{"name":"(anonymous_5)","line":27,"loc":{"start":{"line":27,"column":15},"end":{"line":27,"column":69}}},"6":{"name":"(anonymous_6)","line":45,"loc":{"start":{"line":45,"column":35},"end":{"line":45,"column":57}}},"7":{"name":"(anonymous_7)","line":54,"loc":{"start":{"line":54,"column":19},"end":{"line":54,"column":52}}},"8":{"name":"(anonymous_8)","line":67,"loc":{"start":{"line":67,"column":50},"end":{"line":67,"column":72}}},"9":{"name":"(anonymous_9)","line":79,"loc":{"start":{"line":79,"column":17},"end":{"line":79,"column":62}}},"10":{"name":"(anonymous_10)","line":97,"loc":{"start":{"line":97,"column":20},"end":{"line":97,"column":31}}},"11":{"name":"(anonymous_11)","line":99,"loc":{"start":{"line":99,"column":32},"end":{"line":99,"column":54}}},"12":{"name":"(anonymous_12)","line":101,"loc":{"start":{"line":101,"column":43},"end":{"line":101,"column":54}}},"13":{"name":"(anonymous_13)","line":102,"loc":{"start":{"line":102,"column":44},"end":{"line":102,"column":66}}},"14":{"name":"(anonymous_14)","line":109,"loc":{"start":{"line":109,"column":33},"end":{"line":109,"column":45}}},"15":{"name":"(anonymous_15)","line":120,"loc":{"start":{"line":120,"column":16},"end":{"line":120,"column":61}}},"16":{"name":"(anonymous_16)","line":137,"loc":{"start":{"line":137,"column":23},"end":{"line":137,"column":45}}},"17":{"name":"(anonymous_17)","line":150,"loc":{"start":{"line":150,"column":23},"end":{"line":150,"column":60}}},"18":{"name":"(anonymous_18)","line":162,"loc":{"start":{"line":162,"column":40},"end":{"line":162,"column":61}}},"19":{"name":"writeMessage","line":167,"loc":{"start":{"line":167,"column":4},"end":{"line":167,"column":40}}},"20":{"name":"retrieveMessage","line":173,"loc":{"start":{"line":173,"column":4},"end":{"line":173,"column":65}}},"21":{"name":"(anonymous_21)","line":174,"loc":{"start":{"line":174,"column":33},"end":{"line":174,"column":61}}},"22":{"name":"(anonymous_22)","line":181,"loc":{"start":{"line":181,"column":81},"end":{"line":181,"column":104}}},"23":{"name":"(anonymous_23)","line":187,"loc":{"start":{"line":187,"column":95},"end":{"line":187,"column":112}}},"24":{"name":"kickMessages","line":199,"loc":{"start":{"line":199,"column":4},"end":{"line":199,"column":54}}},"25":{"name":"kickOneMessage","line":204,"loc":{"start":{"line":204,"column":4},"end":{"line":204,"column":55}}},"26":{"name":"kickAllMessages","line":209,"loc":{"start":{"line":209,"column":4},"end":{"line":209,"column":52}}}},"statementMap":{"1":{"start":{"line":1,"column":0},"end":{"line":1,"column":37}},"2":{"start":{"line":2,"column":0},"end":{"line":2,"column":35}},"3":{"start":{"line":4,"column":0},"end":{"line":4,"column":32}},"4":{"start":{"line":5,"column":0},"end":{"line":5,"column":25}},"5":{"start":{"line":7,"column":0},"end":{"line":214,"column":1}},"6":{"start":{"line":8,"column":4},"end":{"line":8,"column":32}},"7":{"start":{"line":9,"column":4},"end":{"line":9,"column":20}},"8":{"start":{"line":10,"column":4},"end":{"line":10,"column":20}},"9":{"start":{"line":12,"column":4},"end":{"line":21,"column":5}},"10":{"start":{"line":13,"column":8},"end":{"line":20,"column":11}},"11":{"start":{"line":14,"column":12},"end":{"line":19,"column":13}},"12":{"start":{"line":15,"column":16},"end":{"line":15,"column":26}},"13":{"start":{"line":17,"column":16},"end":{"line":17,"column":52}},"14":{"start":{"line":18,"column":16},"end":{"line":18,"column":37}},"15":{"start":{"line":23,"column":4},"end":{"line":25,"column":6}},"16":{"start":{"line":24,"column":8},"end":{"line":24,"column":20}},"17":{"start":{"line":27,"column":4},"end":{"line":52,"column":6}},"18":{"start":{"line":28,"column":8},"end":{"line":28,"column":32}},"19":{"start":{"line":29,"column":8},"end":{"line":42,"column":9}},"20":{"start":{"line":31,"column":16},"end":{"line":31,"column":32}},"21":{"start":{"line":32,"column":16},"end":{"line":32,"column":22}},"22":{"start":{"line":34,"column":16},"end":{"line":34,"column":35}},"23":{"start":{"line":35,"column":16},"end":{"line":35,"column":32}},"24":{"start":{"line":36,"column":16},"end":{"line":36,"column":22}},"25":{"start":{"line":38,"column":16},"end":{"line":38,"column":35}},"26":{"start":{"line":39,"column":16},"end":{"line":39,"column":38}},"27":{"start":{"line":40,"column":16},"end":{"line":40,"column":32}},"28":{"start":{"line":41,"column":16},"end":{"line":41,"column":22}},"29":{"start":{"line":44,"column":8},"end":{"line":44,"column":83}},"30":{"start":{"line":45,"column":8},"end":{"line":51,"column":11}},"31":{"start":{"line":46,"column":12},"end":{"line":46,"column":39}},"32":{"start":{"line":47,"column":12},"end":{"line":49,"column":13}},"33":{"start":{"line":48,"column":16},"end":{"line":48,"column":43}},"34":{"start":{"line":50,"column":12},"end":{"line":50,"column":44}},"35":{"start":{"line":54,"column":4},"end":{"line":77,"column":6}},"36":{"start":{"line":55,"column":8},"end":{"line":55,"column":26}},"37":{"start":{"line":56,"column":8},"end":{"line":64,"column":9}},"38":{"start":{"line":58,"column":16},"end":{"line":58,"column":32}},"39":{"start":{"line":59,"column":16},"end":{"line":59,"column":22}},"40":{"start":{"line":61,"column":16},"end":{"line":61,"column":39}},"41":{"start":{"line":62,"column":16},"end":{"line":62,"column":32}},"42":{"start":{"line":63,"column":16},"end":{"line":63,"column":22}},"43":{"start":{"line":65,"column":8},"end":{"line":65,"column":50}},"44":{"start":{"line":66,"column":8},"end":{"line":66,"column":63}},"45":{"start":{"line":67,"column":8},"end":{"line":76,"column":11}},"46":{"start":{"line":68,"column":12},"end":{"line":68,"column":36}},"47":{"start":{"line":69,"column":12},"end":{"line":74,"column":13}},"48":{"start":{"line":70,"column":16},"end":{"line":70,"column":44}},"49":{"start":{"line":71,"column":16},"end":{"line":73,"column":83}},"50":{"start":{"line":75,"column":12},"end":{"line":75,"column":41}},"51":{"start":{"line":79,"column":4},"end":{"line":118,"column":6}},"52":{"start":{"line":80,"column":8},"end":{"line":80,"column":35}},"53":{"start":{"line":81,"column":8},"end":{"line":94,"column":9}},"54":{"start":{"line":83,"column":16},"end":{"line":83,"column":32}},"55":{"start":{"line":84,"column":16},"end":{"line":84,"column":22}},"56":{"start":{"line":86,"column":16},"end":{"line":86,"column":39}},"57":{"start":{"line":87,"column":16},"end":{"line":87,"column":32}},"58":{"start":{"line":88,"column":16},"end":{"line":88,"column":22}},"59":{"start":{"line":90,"column":16},"end":{"line":90,"column":39}},"60":{"start":{"line":91,"column":16},"end":{"line":91,"column":37}},"61":{"start":{"line":92,"column":16},"end":{"line":92,"column":32}},"62":{"start":{"line":93,"column":16},"end":{"line":93,"column":22}},"63":{"start":{"line":95,"column":8},"end":{"line":95,"column":50}},"64":{"start":{"line":96,"column":8},"end":{"line":98,"column":10}},"65":{"start":{"line":99,"column":8},"end":{"line":115,"column":11}},"66":{"start":{"line":100,"column":12},"end":{"line":114,"column":13}},"67":{"start":{"line":101,"column":16},"end":{"line":108,"column":28}},"68":{"start":{"line":102,"column":20},"end":{"line":107,"column":23}},"69":{"start":{"line":103,"column":24},"end":{"line":106,"column":25}},"70":{"start":{"line":104,"column":28},"end":{"line":104,"column":52}},"71":{"start":{"line":105,"column":28},"end":{"line":105,"column":54}},"72":{"start":{"line":109,"column":16},"end":{"line":111,"column":18}},"73":{"start":{"line":110,"column":20},"end":{"line":110,"column":44}},"74":{"start":{"line":113,"column":16},"end":{"line":113,"column":42}},"75":{"start":{"line":116,"column":8},"end":{"line":116,"column":23}},"76":{"start":{"line":120,"column":4},"end":{"line":148,"column":6}},"77":{"start":{"line":121,"column":8},"end":{"line":121,"column":27}},"78":{"start":{"line":122,"column":8},"end":{"line":135,"column":9}},"79":{"start":{"line":124,"column":16},"end":{"line":124,"column":32}},"80":{"start":{"line":125,"column":16},"end":{"line":125,"column":22}},"81":{"start":{"line":127,"column":16},"end":{"line":127,"column":33}},"82":{"start":{"line":128,"column":16},"end":{"line":128,"column":32}},"83":{"start":{"line":129,"column":16},"end":{"line":129,"column":22}},"84":{"start":{"line":131,"column":16},"end":{"line":131,"column":33}},"85":{"start":{"line":132,"column":16},"end":{"line":132,"column":35}},"86":{"start":{"line":133,"column":16},"end":{"line":133,"column":32}},"87":{"start":{"line":134,"column":16},"end":{"line":134,"column":22}},"88":{"start":{"line":137,"column":8},"end":{"line":140,"column":10}},"89":{"start":{"line":138,"column":12},"end":{"line":138,"column":56}},"90":{"start":{"line":139,"column":12},"end":{"line":139,"column":38}},"91":{"start":{"line":142,"column":8},"end":{"line":142,"column":27}},"92":{"start":{"line":143,"column":8},"end":{"line":147,"column":9}},"93":{"start":{"line":144,"column":12},"end":{"line":144,"column":53}},"94":{"start":{"line":146,"column":12},"end":{"line":146,"column":50}},"95":{"start":{"line":150,"column":4},"end":{"line":165,"column":6}},"96":{"start":{"line":151,"column":8},"end":{"line":151,"column":22}},"97":{"start":{"line":152,"column":8},"end":{"line":160,"column":9}},"98":{"start":{"line":154,"column":16},"end":{"line":154,"column":32}},"99":{"start":{"line":155,"column":16},"end":{"line":155,"column":22}},"100":{"start":{"line":157,"column":16},"end":{"line":157,"column":35}},"101":{"start":{"line":158,"column":16},"end":{"line":158,"column":32}},"102":{"start":{"line":159,"column":16},"end":{"line":159,"column":22}},"103":{"start":{"line":161,"column":8},"end":{"line":161,"column":27}},"104":{"start":{"line":162,"column":8},"end":{"line":164,"column":10}},"105":{"start":{"line":163,"column":12},"end":{"line":163,"column":38}},"106":{"start":{"line":167,"column":4},"end":{"line":171,"column":5}},"107":{"start":{"line":168,"column":8},"end":{"line":170,"column":124}},"108":{"start":{"line":173,"column":4},"end":{"line":197,"column":5}},"109":{"start":{"line":174,"column":8},"end":{"line":196,"column":11}},"110":{"start":{"line":175,"column":12},"end":{"line":195,"column":13}},"111":{"start":{"line":176,"column":16},"end":{"line":176,"column":26}},"112":{"start":{"line":178,"column":16},"end":{"line":193,"column":19}},"113":{"start":{"line":182,"column":20},"end":{"line":182,"column":39}},"114":{"start":{"line":183,"column":20},"end":{"line":192,"column":21}},"115":{"start":{"line":184,"column":24},"end":{"line":184,"column":55}},"116":{"start":{"line":185,"column":24},"end":{"line":189,"column":31}},"117":{"start":{"line":188,"column":32},"end":{"line":188,"column":51}},"118":{"start":{"line":191,"column":24},"end":{"line":191,"column":43}},"119":{"start":{"line":194,"column":16},"end":{"line":194,"column":37}},"120":{"start":{"line":199,"column":4},"end":{"line":202,"column":5}},"121":{"start":{"line":200,"column":8},"end":{"line":201,"column":110}},"122":{"start":{"line":204,"column":4},"end":{"line":207,"column":5}},"123":{"start":{"line":205,"column":8},"end":{"line":206,"column":89}},"124":{"start":{"line":209,"column":4},"end":{"line":212,"column":5}},"125":{"start":{"line":210,"column":8},"end":{"line":211,"column":55}},"126":{"start":{"line":215,"column":0},"end":{"line":215,"column":26}},"127":{"start":{"line":217,"column":0},"end":{"line":217,"column":23}}},"branchMap":{"1":{"line":14,"type":"if","locations":[{"start":{"line":14,"column":12},"end":{"line":14,"column":12}},{"start":{"line":14,"column":12},"end":{"line":14,"column":12}}]},"2":{"line":29,"type":"switch","locations":[{"start":{"line":30,"column":12},"end":{"line":32,"column":22}},{"start":{"line":33,"column":12},"end":{"line":36,"column":22}},{"start":{"line":37,"column":12},"end":{"line":41,"column":22}}]},"3":{"line":47,"type":"if","locations":[{"start":{"line":47,"column":12},"end":{"line":47,"column":12}},{"start":{"line":47,"column":12},"end":{"line":47,"column":12}}]},"4":{"line":56,"type":"switch","locations":[{"start":{"line":57,"column":12},"end":{"line":59,"column":22}},{"start":{"line":60,"column":12},"end":{"line":63,"column":22}}]},"5":{"line":65,"type":"binary-expr","locations":[{"start":{"line":65,"column":20},"end":{"line":65,"column":29}},{"start":{"line":65,"column":33},"end":{"line":65,"column":49}}]},"6":{"line":69,"type":"if","locations":[{"start":{"line":69,"column":12},"end":{"line":69,"column":12}},{"start":{"line":69,"column":12},"end":{"line":69,"column":12}}]},"7":{"line":69,"type":"binary-expr","locations":[{"start":{"line":69,"column":15},"end":{"line":69,"column":21}},{"start":{"line":69,"column":25},"end":{"line":69,"column":29}},{"start":{"line":69,"column":33},"end":{"line":69,"column":44}}]},"8":{"line":81,"type":"switch","locations":[{"start":{"line":82,"column":12},"end":{"line":84,"column":22}},{"start":{"line":85,"column":12},"end":{"line":88,"column":22}},{"start":{"line":89,"column":12},"end":{"line":93,"column":22}}]},"9":{"line":95,"type":"binary-expr","locations":[{"start":{"line":95,"column":18},"end":{"line":95,"column":25}},{"start":{"line":95,"column":29},"end":{"line":95,"column":49}}]},"10":{"line":100,"type":"if","locations":[{"start":{"line":100,"column":12},"end":{"line":100,"column":12}},{"start":{"line":100,"column":12},"end":{"line":100,"column":12}}]},"11":{"line":100,"type":"binary-expr","locations":[{"start":{"line":100,"column":15},"end":{"line":100,"column":21}},{"start":{"line":100,"column":25},"end":{"line":100,"column":30}}]},"12":{"line":103,"type":"if","locations":[{"start":{"line":103,"column":24},"end":{"line":103,"column":24}},{"start":{"line":103,"column":24},"end":{"line":103,"column":24}}]},"13":{"line":103,"type":"binary-expr","locations":[{"start":{"line":103,"column":27},"end":{"line":103,"column":32}},{"start":{"line":103,"column":36},"end":{"line":103,"column":40}}]},"14":{"line":122,"type":"switch","locations":[{"start":{"line":123,"column":12},"end":{"line":125,"column":22}},{"start":{"line":126,"column":12},"end":{"line":129,"column":22}},{"start":{"line":130,"column":12},"end":{"line":134,"column":22}}]},"15":{"line":138,"type":"cond-expr","locations":[{"start":{"line":138,"column":26},"end":{"line":138,"column":43}},{"start":{"line":138,"column":46},"end":{"line":138,"column":55}}]},"16":{"line":142,"type":"binary-expr","locations":[{"start":{"line":142,"column":16},"end":{"line":142,"column":21}},{"start":{"line":142,"column":25},"end":{"line":142,"column":26}}]},"17":{"line":143,"type":"if","locations":[{"start":{"line":143,"column":8},"end":{"line":143,"column":8}},{"start":{"line":143,"column":8},"end":{"line":143,"column":8}}]},"18":{"line":152,"type":"switch","locations":[{"start":{"line":153,"column":12},"end":{"line":155,"column":22}},{"start":{"line":156,"column":12},"end":{"line":159,"column":22}}]},"19":{"line":161,"type":"binary-expr","locations":[{"start":{"line":161,"column":16},"end":{"line":161,"column":21}},{"start":{"line":161,"column":25},"end":{"line":161,"column":26}}]},"20":{"line":175,"type":"if","locations":[{"start":{"line":175,"column":12},"end":{"line":175,"column":12}},{"start":{"line":175,"column":12},"end":{"line":175,"column":12}}]},"21":{"line":183,"type":"if","locations":[{"start":{"line":183,"column":20},"end":{"line":183,"column":20}},{"start":{"line":183,"column":20},"end":{"line":183,"column":20}}]},"22":{"line":183,"type":"binary-expr","locations":[{"start":{"line":183,"column":24},"end":{"line":183,"column":30}},{"start":{"line":183,"column":34},"end":{"line":183,"column":41}},{"start":{"line":183,"column":45},"end":{"line":183,"column":59}}]}}},"C:\\tunts\\queue\\jqueue\\src\\callback.js":{"path":"C:\\tunts\\queue\\jqueue\\src\\callback.js","s":{"1":1,"2":0,"3":0,"4":0,"5":0,"6":1},"b":{"1":[0,0]},"f":{"1":0},"fnMap":{"1":{"name":"callBack","line":1,"loc":{"start":{"line":1,"column":0},"end":{"line":1,"column":42}}}},"statementMap":{"1":{"start":{"line":1,"column":0},"end":{"line":9,"column":1}},"2":{"start":{"line":2,"column":4},"end":{"line":8,"column":5}},"3":{"start":{"line":3,"column":8},"end":{"line":7,"column":9}},"4":{"start":{"line":4,"column":12},"end":{"line":4,"column":35}},"5":{"start":{"line":6,"column":12},"end":{"line":6,"column":47}},"6":{"start":{"line":11,"column":0},"end":{"line":11,"column":26}}},"branchMap":{"1":{"line":2,"type":"if","locations":[{"start":{"line":2,"column":4},"end":{"line":2,"column":4}},{"start":{"line":2,"column":4},"end":{"line":2,"column":4}}]}}},"C:\\tunts\\queue\\jqueue\\src\\message.js":{"path":"C:\\tunts\\queue\\jqueue\\src\\message.js","s":{"1":1,"2":1,"3":0,"4":0,"5":0,"6":0,"7":0,"8":0,"9":0,"10":0,"11":0,"12":0,"13":0,"14":0,"15":0,"16":0,"17":0,"18":0,"19":0,"20":0,"21":0,"22":0,"23":0,"24":0,"25":0,"26":0,"27":0,"28":0,"29":0,"30":0,"31":0,"32":0,"33":0,"34":0,"35":0,"36":0,"37":0,"38":0,"39":0,"40":0,"41":0,"42":0,"43":0,"44":0,"45":0,"46":0,"47":0,"48":0,"49":0,"50":0,"51":0,"52":0,"53":0,"54":1,"55":0,"56":0,"57":0,"58":0,"59":0,"60":1,"61":0,"62":1,"63":0,"64":1,"65":0,"66":1,"67":0,"68":1,"69":0,"70":0,"71":0,"72":1,"73":1},"b":{"1":[0,0],"2":[0,0],"3":[0,0],"4":[0,0],"5":[0,0],"6":[0,0],"7":[0,0,0]},"f":{"1":0,"2":0,"3":0,"4":0,"5":0,"6":0,"7":0,"8":0,"9":0,"10":0,"11":0,"12":0,"13":0,"14":0,"15":0,"16":0,"17":0,"18":0,"19":0,"20":0,"21":0,"22":0,"23":0,"24":0},"fnMap":{"1":{"name":"Message","line":3,"loc":{"start":{"line":3,"column":0},"end":{"line":3,"column":106}}},"2":{"name":"(anonymous_2)","line":17,"loc":{"start":{"line":17,"column":17},"end":{"line":17,"column":28}}},"3":{"name":"(anonymous_3)","line":21,"loc":{"start":{"line":21,"column":19},"end":{"line":21,"column":30}}},"4":{"name":"(anonymous_4)","line":25,"loc":{"start":{"line":25,"column":21},"end":{"line":25,"column":32}}},"5":{"name":"(anonymous_5)","line":29,"loc":{"start":{"line":29,"column":20},"end":{"line":29,"column":31}}},"6":{"name":"(anonymous_6)","line":33,"loc":{"start":{"line":33,"column":23},"end":{"line":33,"column":34}}},"7":{"name":"(anonymous_7)","line":37,"loc":{"start":{"line":37,"column":23},"end":{"line":37,"column":34}}},"8":{"name":"(anonymous_8)","line":41,"loc":{"start":{"line":41,"column":24},"end":{"line":41,"column":35}}},"9":{"name":"(anonymous_9)","line":45,"loc":{"start":{"line":45,"column":24},"end":{"line":45,"column":35}}},"10":{"name":"(anonymous_10)","line":49,"loc":{"start":{"line":49,"column":19},"end":{"line":49,"column":52}}},"11":{"name":"(anonymous_11)","line":60,"loc":{"start":{"line":60,"column":23},"end":{"line":60,"column":46}}},"12":{"name":"(anonymous_12)","line":67,"loc":{"start":{"line":67,"column":17},"end":{"line":67,"column":30}}},"13":{"name":"(anonymous_13)","line":68,"loc":{"start":{"line":68,"column":23},"end":{"line":68,"column":45}}},"14":{"name":"(anonymous_14)","line":74,"loc":{"start":{"line":74,"column":18},"end":{"line":74,"column":31}}},"15":{"name":"(anonymous_15)","line":75,"loc":{"start":{"line":75,"column":22},"end":{"line":75,"column":44}}},"16":{"name":"(anonymous_16)","line":81,"loc":{"start":{"line":81,"column":16},"end":{"line":81,"column":29}}},"17":{"name":"(anonymous_17)","line":82,"loc":{"start":{"line":82,"column":20},"end":{"line":82,"column":42}}},"18":{"name":"execQuery","line":88,"loc":{"start":{"line":88,"column":4},"end":{"line":88,"column":42}}},"19":{"name":"(anonymous_19)","line":89,"loc":{"start":{"line":89,"column":33},"end":{"line":89,"column":61}}},"20":{"name":"deleteMessage","line":99,"loc":{"start":{"line":99,"column":4},"end":{"line":99,"column":31}}},"21":{"name":"buryMessage","line":104,"loc":{"start":{"line":104,"column":4},"end":{"line":104,"column":29}}},"22":{"name":"releaseMessage","line":109,"loc":{"start":{"line":109,"column":4},"end":{"line":109,"column":32}}},"23":{"name":"refreshMessage","line":115,"loc":{"start":{"line":115,"column":4},"end":{"line":115,"column":32}}},"24":{"name":"verifyReserveError","line":121,"loc":{"start":{"line":121,"column":4},"end":{"line":121,"column":45}}}},"statementMap":{"1":{"start":{"line":1,"column":0},"end":{"line":1,"column":37}},"2":{"start":{"line":3,"column":0},"end":{"line":128,"column":1}},"3":{"start":{"line":4,"column":4},"end":{"line":4,"column":20}},"4":{"start":{"line":5,"column":4},"end":{"line":5,"column":32}},"5":{"start":{"line":7,"column":4},"end":{"line":7,"column":16}},"6":{"start":{"line":8,"column":4},"end":{"line":8,"column":20}},"7":{"start":{"line":9,"column":4},"end":{"line":9,"column":35}},"8":{"start":{"line":10,"column":4},"end":{"line":10,"column":27}},"9":{"start":{"line":11,"column":4},"end":{"line":11,"column":33}},"10":{"start":{"line":12,"column":4},"end":{"line":12,"column":28}},"11":{"start":{"line":13,"column":4},"end":{"line":13,"column":30}},"12":{"start":{"line":14,"column":4},"end":{"line":14,"column":30}},"13":{"start":{"line":15,"column":4},"end":{"line":15,"column":26}},"14":{"start":{"line":17,"column":4},"end":{"line":19,"column":6}},"15":{"start":{"line":18,"column":8},"end":{"line":18,"column":18}},"16":{"start":{"line":21,"column":4},"end":{"line":23,"column":6}},"17":{"start":{"line":22,"column":8},"end":{"line":22,"column":20}},"18":{"start":{"line":25,"column":4},"end":{"line":27,"column":6}},"19":{"start":{"line":26,"column":8},"end":{"line":26,"column":22}},"20":{"start":{"line":29,"column":4},"end":{"line":31,"column":6}},"21":{"start":{"line":30,"column":8},"end":{"line":30,"column":21}},"22":{"start":{"line":33,"column":4},"end":{"line":35,"column":6}},"23":{"start":{"line":34,"column":8},"end":{"line":34,"column":24}},"24":{"start":{"line":37,"column":4},"end":{"line":39,"column":6}},"25":{"start":{"line":38,"column":8},"end":{"line":38,"column":24}},"26":{"start":{"line":41,"column":4},"end":{"line":43,"column":6}},"27":{"start":{"line":42,"column":8},"end":{"line":42,"column":25}},"28":{"start":{"line":45,"column":4},"end":{"line":47,"column":6}},"29":{"start":{"line":46,"column":8},"end":{"line":46,"column":25}},"30":{"start":{"line":49,"column":4},"end":{"line":65,"column":6}},"31":{"start":{"line":50,"column":8},"end":{"line":50,"column":15}},"32":{"start":{"line":51,"column":8},"end":{"line":59,"column":9}},"33":{"start":{"line":53,"column":16},"end":{"line":53,"column":32}},"34":{"start":{"line":54,"column":16},"end":{"line":54,"column":22}},"35":{"start":{"line":56,"column":16},"end":{"line":56,"column":35}},"36":{"start":{"line":57,"column":16},"end":{"line":57,"column":32}},"37":{"start":{"line":58,"column":16},"end":{"line":58,"column":22}},"38":{"start":{"line":60,"column":8},"end":{"line":63,"column":10}},"39":{"start":{"line":61,"column":12},"end":{"line":61,"column":52}},"40":{"start":{"line":62,"column":12},"end":{"line":62,"column":32}},"41":{"start":{"line":64,"column":8},"end":{"line":64,"column":33}},"42":{"start":{"line":67,"column":4},"end":{"line":72,"column":6}},"43":{"start":{"line":68,"column":8},"end":{"line":71,"column":11}},"44":{"start":{"line":69,"column":12},"end":{"line":69,"column":52}},"45":{"start":{"line":70,"column":12},"end":{"line":70,"column":32}},"46":{"start":{"line":74,"column":4},"end":{"line":79,"column":6}},"47":{"start":{"line":75,"column":8},"end":{"line":78,"column":11}},"48":{"start":{"line":76,"column":12},"end":{"line":76,"column":52}},"49":{"start":{"line":77,"column":12},"end":{"line":77,"column":32}},"50":{"start":{"line":81,"column":4},"end":{"line":86,"column":6}},"51":{"start":{"line":82,"column":8},"end":{"line":85,"column":11}},"52":{"start":{"line":83,"column":12},"end":{"line":83,"column":52}},"53":{"start":{"line":84,"column":12},"end":{"line":84,"column":32}},"54":{"start":{"line":88,"column":4},"end":{"line":97,"column":5}},"55":{"start":{"line":89,"column":8},"end":{"line":96,"column":11}},"56":{"start":{"line":90,"column":12},"end":{"line":95,"column":13}},"57":{"start":{"line":91,"column":16},"end":{"line":91,"column":26}},"58":{"start":{"line":93,"column":16},"end":{"line":93,"column":52}},"59":{"start":{"line":94,"column":16},"end":{"line":94,"column":37}},"60":{"start":{"line":99,"column":4},"end":{"line":102,"column":5}},"61":{"start":{"line":100,"column":8},"end":{"line":101,"column":55}},"62":{"start":{"line":104,"column":4},"end":{"line":107,"column":5}},"63":{"start":{"line":105,"column":8},"end":{"line":106,"column":64}},"64":{"start":{"line":109,"column":4},"end":{"line":113,"column":5}},"65":{"start":{"line":110,"column":8},"end":{"line":112,"column":70}},"66":{"start":{"line":115,"column":4},"end":{"line":119,"column":5}},"67":{"start":{"line":116,"column":8},"end":{"line":118,"column":65}},"68":{"start":{"line":121,"column":4},"end":{"line":126,"column":5}},"69":{"start":{"line":122,"column":8},"end":{"line":124,"column":9}},"70":{"start":{"line":123,"column":12},"end":{"line":123,"column":67}},"71":{"start":{"line":125,"column":8},"end":{"line":125,"column":21}},"72":{"start":{"line":129,"column":0},"end":{"line":129,"column":30}},"73":{"start":{"line":131,"column":0},"end":{"line":131,"column":25}}},"branchMap":{"1":{"line":9,"type":"binary-expr","locations":[{"start":{"line":9,"column":17},"end":{"line":9,"column":23}},{"start":{"line":9,"column":27},"end":{"line":9,"column":34}}]},"2":{"line":10,"type":"binary-expr","locations":[{"start":{"line":10,"column":16},"end":{"line":10,"column":21}},{"start":{"line":10,"column":25},"end":{"line":10,"column":26}}]},"3":{"line":11,"type":"binary-expr","locations":[{"start":{"line":11,"column":19},"end":{"line":11,"column":27}},{"start":{"line":11,"column":31},"end":{"line":11,"column":32}}]},"4":{"line":51,"type":"switch","locations":[{"start":{"line":52,"column":12},"end":{"line":54,"column":22}},{"start":{"line":55,"column":12},"end":{"line":58,"column":22}}]},"5":{"line":90,"type":"if","locations":[{"start":{"line":90,"column":12},"end":{"line":90,"column":12}},{"start":{"line":90,"column":12},"end":{"line":90,"column":12}}]},"6":{"line":122,"type":"if","locations":[{"start":{"line":122,"column":8},"end":{"line":122,"column":8}},{"start":{"line":122,"column":8},"end":{"line":122,"column":8}}]},"7":{"line":122,"type":"binary-expr","locations":[{"start":{"line":122,"column":11},"end":{"line":122,"column":17}},{"start":{"line":122,"column":21},"end":{"line":122,"column":25}},{"start":{"line":122,"column":29},"end":{"line":122,"column":47}}]}}},"C:\\tunts\\queue\\jqueue\\src\\exception.js":{"path":"C:\\tunts\\queue\\jqueue\\src\\exception.js","s":{"1":1,"2":0,"3":0,"4":0,"5":0,"6":1,"7":1,"8":1},"b":{},"f":{"1":0},"fnMap":{"1":{"name":"JqueueException","line":1,"loc":{"start":{"line":1,"column":0},"end":{"line":1,"column":41}}}},"statementMap":{"1":{"start":{"line":1,"column":0},"end":{"line":6,"column":1}},"2":{"start":{"line":2,"column":4},"end":{"line":2,"column":34}},"3":{"start":{"line":3,"column":4},"end":{"line":3,"column":21}},"4":{"start":{"line":4,"column":4},"end":{"line":4,"column":27}},"5":{"start":{"line":5,"column":4},"end":{"line":5,"column":37}},"6":{"start":{"line":7,"column":0},"end":{"line":7,"column":59}},"7":{"start":{"line":8,"column":0},"end":{"line":8,"column":46}},"8":{"start":{"line":10,"column":0},"end":{"line":10,"column":33}}},"branchMap":{}}}