TN:
SF:C:\tunts\queue\jqueue\src\jqueue.js
FN:5,Jqueue
FN:11,execQuery
FN:12,(anonymous_3)
FN:22,verifyIfQueueExists
FN:26,createNewQueue
FN:44,use
FN:67,(anonymous_7)
FN:72,(anonymous_8)
FNF:8
FNH:4
FNDA:1,Jqueue
FNDA:3,execQuery
FNDA:0,(anonymous_3)
FNDA:3,verifyIfQueueExists
FNDA:0,createNewQueue
FNDA:3,use
FNDA:0,(anonymous_7)
FNDA:0,(anonymous_8)
DA:1,1
DA:2,1
DA:3,1
DA:5,1
DA:7,1
DA:8,1
DA:9,1
DA:11,1
DA:12,3
DA:13,0
DA:14,0
DA:16,0
DA:17,0
DA:22,1
DA:23,3
DA:26,1
DA:27,0
DA:28,0
DA:29,0
DA:31,0
DA:33,0
DA:44,1
DA:45,3
DA:46,3
DA:48,2
DA:49,2
DA:50,2
DA:51,2
DA:53,1
DA:54,1
DA:55,1
DA:56,1
DA:58,0
DA:59,0
DA:60,0
DA:61,0
DA:63,3
DA:64,0
DA:66,3
DA:67,3
DA:68,0
DA:69,0
DA:70,0
DA:72,0
DA:73,0
DA:74,0
DA:75,0
DA:77,0
DA:81,0
DA:82,0
DA:83,0
DA:89,1
DA:91,1
DA:93,1
LF:54
LH:29
BRDA:13,1,0,0
BRDA:13,1,1,0
BRDA:28,2,0,0
BRDA:28,2,1,0
BRDA:46,3,0,2
BRDA:46,3,1,1
BRDA:46,3,2,0
BRDA:63,4,0,0
BRDA:63,4,1,3
BRDA:68,5,0,0
BRDA:68,5,1,0
BRDA:69,6,0,0
BRDA:69,6,1,0
BRDA:73,7,0,0
BRDA:73,7,1,0
BRF:15
BRH:3
end_of_record
TN:
SF:C:\tunts\queue\jqueue\src\queue.js
FN:7,Queue
FN:12,execQuery
FN:13,(anonymous_3)
FN:23,(anonymous_4)
FN:27,(anonymous_5)
FN:45,(anonymous_6)
FN:54,(anonymous_7)
FN:67,(anonymous_8)
FN:79,(anonymous_9)
FN:97,(anonymous_10)
FN:99,(anonymous_11)
FN:101,(anonymous_12)
FN:102,(anonymous_13)
FN:109,(anonymous_14)
FN:120,(anonymous_15)
FN:137,(anonymous_16)
FN:150,(anonymous_17)
FN:162,(anonymous_18)
FN:167,writeMessage
FN:173,retrieveMessage
FN:174,(anonymous_21)
FN:181,(anonymous_22)
FN:187,(anonymous_23)
FN:199,kickMessages
FN:204,kickOneMessage
FN:209,kickAllMessages
FNF:26
FNH:0
FNDA:0,Queue
FNDA:0,execQuery
FNDA:0,(anonymous_3)
FNDA:0,(anonymous_4)
FNDA:0,(anonymous_5)
FNDA:0,(anonymous_6)
FNDA:0,(anonymous_7)
FNDA:0,(anonymous_8)
FNDA:0,(anonymous_9)
FNDA:0,(anonymous_10)
FNDA:0,(anonymous_11)
FNDA:0,(anonymous_12)
FNDA:0,(anonymous_13)
FNDA:0,(anonymous_14)
FNDA:0,(anonymous_15)
FNDA:0,(anonymous_16)
FNDA:0,(anonymous_17)
FNDA:0,(anonymous_18)
FNDA:0,writeMessage
FNDA:0,retrieveMessage
FNDA:0,(anonymous_21)
FNDA:0,(anonymous_22)
FNDA:0,(anonymous_23)
FNDA:0,kickMessages
FNDA:0,kickOneMessage
FNDA:0,kickAllMessages
DA:1,1
DA:2,1
DA:4,1
DA:5,1
DA:7,1
DA:8,0
DA:9,0
DA:10,0
DA:12,1
DA:13,0
DA:14,0
DA:15,0
DA:17,0
DA:18,0
DA:23,0
DA:24,0
DA:27,0
DA:28,0
DA:29,0
DA:31,0
DA:32,0
DA:34,0
DA:35,0
DA:36,0
DA:38,0
DA:39,0
DA:40,0
DA:41,0
DA:44,0
DA:45,0
DA:46,0
DA:47,0
DA:48,0
DA:50,0
DA:54,0
DA:55,0
DA:56,0
DA:58,0
DA:59,0
DA:61,0
DA:62,0
DA:63,0
DA:65,0
DA:66,0
DA:67,0
DA:68,0
DA:69,0
DA:70,0
DA:71,0
DA:75,0
DA:79,0
DA:80,0
DA:81,0
DA:83,0
DA:84,0
DA:86,0
DA:87,0
DA:88,0
DA:90,0
DA:91,0
DA:92,0
DA:93,0
DA:95,0
DA:96,0
DA:99,0
DA:100,0
DA:101,0
DA:102,0
DA:103,0
DA:104,0
DA:105,0
DA:109,0
DA:110,0
DA:113,0
DA:116,0
DA:120,0
DA:121,0
DA:122,0
DA:124,0
DA:125,0
DA:127,0
DA:128,0
DA:129,0
DA:131,0
DA:132,0
DA:133,0
DA:134,0
DA:137,0
DA:138,0
DA:139,0
DA:142,0
DA:143,0
DA:144,0
DA:146,0
DA:150,0
DA:151,0
DA:152,0
DA:154,0
DA:155,0
DA:157,0
DA:158,0
DA:159,0
DA:161,0
DA:162,0
DA:163,0
DA:167,1
DA:168,0
DA:173,1
DA:174,0
DA:175,0
DA:176,0
DA:178,0
DA:182,0
DA:183,0
DA:184,0
DA:185,0
DA:188,0
DA:191,0
DA:194,0
DA:199,1
DA:200,0
DA:204,1
DA:205,0
DA:209,1
DA:210,0
DA:215,1
DA:217,1
LF:127
LH:13
BRDA:14,1,0,0
BRDA:14,1,1,0
BRDA:29,2,0,0
BRDA:29,2,1,0
BRDA:29,2,2,0
BRDA:47,3,0,0
BRDA:47,3,1,0
BRDA:56,4,0,0
BRDA:56,4,1,0
BRDA:65,5,0,0
BRDA:65,5,1,0
BRDA:69,6,0,0
BRDA:69,6,1,0
BRDA:69,7,0,0
BRDA:69,7,1,0
BRDA:69,7,2,0
BRDA:81,8,0,0
BRDA:81,8,1,0
BRDA:81,8,2,0
BRDA:95,9,0,0
BRDA:95,9,1,0
BRDA:100,10,0,0
BRDA:100,10,1,0
BRDA:100,11,0,0
BRDA:100,11,1,0
BRDA:103,12,0,0
BRDA:103,12,1,0
BRDA:103,13,0,0
BRDA:103,13,1,0
BRDA:122,14,0,0
BRDA:122,14,1,0
BRDA:122,14,2,0
BRDA:138,15,0,0
BRDA:138,15,1,0
BRDA:142,16,0,0
BRDA:142,16,1,0
BRDA:143,17,0,0
BRDA:143,17,1,0
BRDA:152,18,0,0
BRDA:152,18,1,0
BRDA:161,19,0,0
BRDA:161,19,1,0
BRDA:175,20,0,0
BRDA:175,20,1,0
BRDA:183,21,0,0
BRDA:183,21,1,0
BRDA:183,22,0,0
BRDA:183,22,1,0
BRDA:183,22,2,0
BRF:49
BRH:0
end_of_record
TN:
SF:C:\tunts\queue\jqueue\src\callback.js
FN:1,callBack
FNF:1
FNH:0
FNDA:0,callBack
DA:1,1
DA:2,0
DA:3,0
DA:4,0
DA:6,0
DA:11,1
LF:6
LH:2
BRDA:2,1,0,0
BRDA:2,1,1,0
BRF:2
BRH:0
end_of_record
TN:
SF:C:\tunts\queue\jqueue\src\message.js
FN:3,Message
FN:17,(anonymous_2)
FN:21,(anonymous_3)
FN:25,(anonymous_4)
FN:29,(anonymous_5)
FN:33,(anonymous_6)
FN:37,(anonymous_7)
FN:41,(anonymous_8)
FN:45,(anonymous_9)
FN:49,(anonymous_10)
FN:60,(anonymous_11)
FN:67,(anonymous_12)
FN:68,(anonymous_13)
FN:74,(anonymous_14)
FN:75,(anonymous_15)
FN:81,(anonymous_16)
FN:82,(anonymous_17)
FN:88,execQuery
FN:89,(anonymous_19)
FN:99,deleteMessage
FN:104,buryMessage
FN:109,releaseMessage
FN:115,refreshMessage
FN:121,verifyReserveError
FNF:24
FNH:0
FNDA:0,Message
FNDA:0,(anonymous_2)
FNDA:0,(anonymous_3)
FNDA:0,(anonymous_4)
FNDA:0,(anonymous_5)
FNDA:0,(anonymous_6)
FNDA:0,(anonymous_7)
FNDA:0,(anonymous_8)
FNDA:0,(anonymous_9)
FNDA:0,(anonymous_10)
FNDA:0,(anonymous_11)
FNDA:0,(anonymous_12)
FNDA:0,(anonymous_13)
FNDA:0,(anonymous_14)
FNDA:0,(anonymous_15)
FNDA:0,(anonymous_16)
FNDA:0,(anonymous_17)
FNDA:0,execQuery
FNDA:0,(anonymous_19)
FNDA:0,deleteMessage
FNDA:0,buryMessage
FNDA:0,releaseMessage
FNDA:0,refreshMessage
FNDA:0,verifyReserveError
DA:1,1
DA:3,1
DA:4,0
DA:5,0
DA:7,0
DA:8,0
DA:9,0
DA:10,0
DA:11,0
DA:12,0
DA:13,0
DA:14,0
DA:15,0
DA:17,0
DA:18,0
DA:21,0
DA:22,0
DA:25,0
DA:26,0
DA:29,0
DA:30,0
DA:33,0
DA:34,0
DA:37,0
DA:38,0
DA:41,0
DA:42,0
DA:45,0
DA:46,0
DA:49,0
DA:50,0
DA:51,0
DA:53,0
DA:54,0
DA:56,0
DA:57,0
DA:58,0
DA:60,0
DA:61,0
DA:62,0
DA:64,0
DA:67,0
DA:68,0
DA:69,0
DA:70,0
DA:74,0
DA:75,0
DA:76,0
DA:77,0
DA:81,0
DA:82,0
DA:83,0
DA:84,0
DA:88,1
DA:89,0
DA:90,0
DA:91,0
DA:93,0
DA:94,0
DA:99,1
DA:100,0
DA:104,1
DA:105,0
DA:109,1
DA:110,0
DA:115,1
DA:116,0
DA:121,1
DA:122,0
DA:123,0
DA:125,0
DA:129,1
DA:131,1
LF:73
LH:10
BRDA:9,1,0,0
BRDA:9,1,1,0
BRDA:10,2,0,0
BRDA:10,2,1,0
BRDA:11,3,0,0
BRDA:11,3,1,0
BRDA:51,4,0,0
BRDA:51,4,1,0
BRDA:90,5,0,0
BRDA:90,5,1,0
BRDA:122,6,0,0
BRDA:122,6,1,0
BRDA:122,7,0,0
BRDA:122,7,1,0
BRDA:122,7,2,0
BRF:15
BRH:0
end_of_record
TN:
SF:C:\tunts\queue\jqueue\src\exception.js
FN:1,JqueueException
FNF:1
FNH:0
FNDA:0,JqueueException
DA:1,1
DA:2,0
DA:3,0
DA:4,0
DA:5,0
DA:7,1
DA:8,1
DA:10,1
LF:8
LH:4
BRF:0
BRH:0
end_of_record
