TN:
SF:C:\tunts\queue\jqueue\src\callback.js
FN:1,callBack
FNF:1
FNH:1
FNDA:3,callBack
DA:1,1
DA:2,3
DA:3,2
DA:4,2
DA:6,1
DA:11,1
LF:6
LH:6
BRDA:2,1,0,2
BRDA:2,1,1,1
BRF:2
BRH:2
end_of_record
TN:
SF:C:\tunts\queue\jqueue\src\exception.js
FN:1,JqueueException
FNF:1
FNH:1
FNDA:1,JqueueException
DA:1,1
DA:2,1
DA:3,1
DA:4,1
DA:5,1
DA:7,1
DA:8,1
DA:10,1
LF:8
LH:8
BRF:0
BRH:0
end_of_record
TN:
SF:C:\tunts\queue\jqueue\src\jqueue.js
FN:5,Jqueue
FN:11,execQuery
FN:12,(anonymous_3)
FN:22,verifyIfQueueExists
FN:26,createNewQueue
FN:44,use
FN:67,(anonymous_7)
FN:72,(anonymous_8)
FNF:8
FNH:8
FNDA:8,Jqueue
FNDA:12,execQuery
FNDA:12,(anonymous_3)
FNDA:7,verifyIfQueueExists
FNDA:5,createNewQueue
FNDA:8,use
FNDA:7,(anonymous_7)
FNDA:5,(anonymous_8)
DA:1,1
DA:2,1
DA:3,1
DA:5,1
DA:7,8
DA:8,8
DA:9,8
DA:11,1
DA:12,12
DA:13,12
DA:14,2
DA:16,10
DA:17,10
DA:22,1
DA:23,7
DA:26,1
DA:27,5
DA:28,5
DA:29,1
DA:31,4
DA:33,5
DA:44,1
DA:45,8
DA:46,8
DA:48,5
DA:49,5
DA:50,5
DA:51,5
DA:53,2
DA:54,2
DA:55,2
DA:56,2
DA:58,1
DA:59,1
DA:60,1
DA:61,1
DA:63,8
DA:64,1
DA:66,7
DA:67,7
DA:68,7
DA:69,6
DA:70,1
DA:72,5
DA:73,5
DA:74,2
DA:75,2
DA:77,5
DA:81,1
DA:82,1
DA:83,1
DA:89,8
DA:91,1
DA:93,1
LF:54
LH:54
BRDA:13,1,0,2
BRDA:13,1,1,10
BRDA:28,2,0,1
BRDA:28,2,1,4
BRDA:46,3,0,5
BRDA:46,3,1,2
BRDA:46,3,2,1
BRDA:63,4,0,1
BRDA:63,4,1,7
BRDA:68,5,0,6
BRDA:68,5,1,1
BRDA:69,6,0,1
BRDA:69,6,1,5
BRDA:73,7,0,2
BRDA:73,7,1,3
BRF:15
BRH:15
end_of_record
TN:
SF:C:\tunts\queue\jqueue\src\queue.js
FN:7,Queue
FN:12,execQuery
FN:13,(anonymous_3)
FN:23,(anonymous_4)
FN:27,(anonymous_5)
FN:45,(anonymous_6)
FN:54,(anonymous_7)
FN:67,(anonymous_8)
FN:79,(anonymous_9)
FN:97,(anonymous_10)
FN:99,(anonymous_11)
FN:101,(anonymous_12)
FN:102,(anonymous_13)
FN:109,(anonymous_14)
FN:120,(anonymous_15)
FN:137,(anonymous_16)
FN:150,(anonymous_17)
FN:162,(anonymous_18)
FN:167,writeMessage
FN:173,retrieveMessage
FN:174,(anonymous_21)
FN:181,(anonymous_22)
FN:187,(anonymous_23)
FN:199,kickMessages
FN:204,kickOneMessage
FN:209,kickAllMessages
FNF:26
FNH:26
FNDA:19,Queue
FNDA:9,execQuery
FNDA:9,(anonymous_3)
FNDA:1,(anonymous_4)
FNDA:4,(anonymous_5)
FNDA:4,(anonymous_6)
FNDA:3,(anonymous_7)
FNDA:3,(anonymous_8)
FNDA:5,(anonymous_9)
FNDA:1,(anonymous_10)
FNDA:5,(anonymous_11)
FNDA:13,(anonymous_12)
FNDA:13,(anonymous_13)
FNDA:1,(anonymous_14)
FNDA:3,(anonymous_15)
FNDA:3,(anonymous_16)
FNDA:2,(anonymous_17)
FNDA:2,(anonymous_18)
FNDA:4,writeMessage
FNDA:3,retrieveMessage
FNDA:3,(anonymous_21)
FNDA:2,(anonymous_22)
FNDA:1,(anonymous_23)
FNDA:2,kickMessages
FNDA:2,kickOneMessage
FNDA:1,kickAllMessages
DA:1,2
DA:2,2
DA:4,2
DA:5,2
DA:7,1
DA:8,19
DA:9,19
DA:10,19
DA:12,1
DA:13,9
DA:14,9
DA:15,1
DA:17,8
DA:18,8
DA:23,19
DA:24,1
DA:27,19
DA:28,4
DA:29,4
DA:31,2
DA:32,2
DA:34,1
DA:35,1
DA:36,1
DA:38,1
DA:39,1
DA:40,1
DA:41,1
DA:44,4
DA:45,4
DA:46,4
DA:47,4
DA:48,2
DA:50,4
DA:54,19
DA:55,3
DA:56,3
DA:58,2
DA:59,2
DA:61,1
DA:62,1
DA:63,1
DA:65,3
DA:66,3
DA:67,3
DA:68,3
DA:69,3
DA:70,1
DA:71,1
DA:75,3
DA:79,19
DA:80,5
DA:81,5
DA:83,2
DA:84,2
DA:86,1
DA:87,1
DA:88,1
DA:90,2
DA:91,2
DA:92,2
DA:93,2
DA:95,5
DA:96,5
DA:99,5
DA:100,5
DA:101,3
DA:102,13
DA:103,13
DA:104,1
DA:105,1
DA:109,3
DA:110,1
DA:113,2
DA:116,5
DA:120,19
DA:121,3
DA:122,3
DA:124,1
DA:125,1
DA:127,1
DA:128,1
DA:129,1
DA:131,1
DA:132,1
DA:133,1
DA:134,1
DA:137,3
DA:138,3
DA:139,3
DA:142,3
DA:143,3
DA:144,2
DA:146,1
DA:150,19
DA:151,2
DA:152,2
DA:154,1
DA:155,1
DA:157,1
DA:158,1
DA:159,1
DA:161,2
DA:162,2
DA:163,2
DA:167,1
DA:168,4
DA:173,1
DA:174,3
DA:175,3
DA:176,1
DA:178,2
DA:182,2
DA:183,2
DA:184,1
DA:185,1
DA:188,1
DA:191,1
DA:194,2
DA:199,1
DA:200,2
DA:204,1
DA:205,2
DA:209,1
DA:210,1
DA:215,2
DA:217,2
LF:127
LH:127
BRDA:14,1,0,1
BRDA:14,1,1,8
BRDA:29,2,0,2
BRDA:29,2,1,1
BRDA:29,2,2,1
BRDA:47,3,0,2
BRDA:47,3,1,2
BRDA:56,4,0,2
BRDA:56,4,1,1
BRDA:65,5,0,3
BRDA:65,5,1,2
BRDA:69,6,0,1
BRDA:69,6,1,2
BRDA:69,7,0,3
BRDA:69,7,1,1
BRDA:69,7,2,1
BRDA:81,8,0,2
BRDA:81,8,1,1
BRDA:81,8,2,2
BRDA:95,9,0,5
BRDA:95,9,1,3
BRDA:100,10,0,3
BRDA:100,10,1,2
BRDA:100,11,0,5
BRDA:100,11,1,5
BRDA:103,12,0,1
BRDA:103,12,1,12
BRDA:103,13,0,13
BRDA:103,13,1,13
BRDA:122,14,0,1
BRDA:122,14,1,1
BRDA:122,14,2,1
BRDA:138,15,0,2
BRDA:138,15,1,1
BRDA:142,16,0,3
BRDA:142,16,1,2
BRDA:143,17,0,2
BRDA:143,17,1,1
BRDA:152,18,0,1
BRDA:152,18,1,1
BRDA:161,19,0,2
BRDA:161,19,1,1
BRDA:175,20,0,1
BRDA:175,20,1,2
BRDA:183,21,0,1
BRDA:183,21,1,1
BRDA:183,22,0,2
BRDA:183,22,1,1
BRDA:183,22,2,1
BRF:49
BRH:49
end_of_record
TN:
SF:C:\tunts\queue\jqueue\src\message.js
FN:3,Message
FN:17,(anonymous_2)
FN:21,(anonymous_3)
FN:25,(anonymous_4)
FN:29,(anonymous_5)
FN:33,(anonymous_6)
FN:37,(anonymous_7)
FN:41,(anonymous_8)
FN:45,(anonymous_9)
FN:49,(anonymous_10)
FN:60,(anonymous_11)
FN:67,(anonymous_12)
FN:68,(anonymous_13)
FN:74,(anonymous_14)
FN:75,(anonymous_15)
FN:81,(anonymous_16)
FN:82,(anonymous_17)
FN:88,execQuery
FN:89,(anonymous_19)
FN:99,deleteMessage
FN:104,buryMessage
FN:109,releaseMessage
FN:115,refreshMessage
FN:121,verifyReserveError
FNF:24
FNH:24
FNDA:19,Message
FNDA:1,(anonymous_2)
FNDA:1,(anonymous_3)
FNDA:1,(anonymous_4)
FNDA:1,(anonymous_5)
FNDA:1,(anonymous_6)
FNDA:1,(anonymous_7)
FNDA:1,(anonymous_8)
FNDA:1,(anonymous_9)
FNDA:3,(anonymous_10)
FNDA:3,(anonymous_11)
FNDA:2,(anonymous_12)
FNDA:2,(anonymous_13)
FNDA:2,(anonymous_14)
FNDA:2,(anonymous_15)
FNDA:3,(anonymous_16)
FNDA:3,(anonymous_17)
FNDA:10,execQuery
FNDA:10,(anonymous_19)
FNDA:2,deleteMessage
FNDA:3,buryMessage
FNDA:3,releaseMessage
FNDA:2,refreshMessage
FNDA:10,verifyReserveError
DA:1,2
DA:3,1
DA:4,19
DA:5,19
DA:7,19
DA:8,19
DA:9,19
DA:10,19
DA:11,19
DA:12,19
DA:13,19
DA:14,19
DA:15,19
DA:17,19
DA:18,1
DA:21,19
DA:22,1
DA:25,19
DA:26,1
DA:29,19
DA:30,1
DA:33,19
DA:34,1
DA:37,19
DA:38,1
DA:41,19
DA:42,1
DA:45,19
DA:46,1
DA:49,19
DA:50,3
DA:51,3
DA:53,2
DA:54,2
DA:56,1
DA:57,1
DA:58,1
DA:60,3
DA:61,3
DA:62,3
DA:64,3
DA:67,19
DA:68,2
DA:69,2
DA:70,2
DA:74,19
DA:75,2
DA:76,2
DA:77,2
DA:81,19
DA:82,3
DA:83,3
DA:84,3
DA:88,1
DA:89,10
DA:90,10
DA:91,1
DA:93,9
DA:94,9
DA:99,1
DA:100,2
DA:104,1
DA:105,3
DA:109,1
DA:110,3
DA:115,1
DA:116,2
DA:121,1
DA:122,10
DA:123,4
DA:125,10
DA:129,2
DA:131,2
LF:73
LH:73
BRDA:9,1,0,19
BRDA:9,1,1,18
BRDA:10,2,0,19
BRDA:10,2,1,18
BRDA:11,3,0,19
BRDA:11,3,1,18
BRDA:51,4,0,2
BRDA:51,4,1,1
BRDA:90,5,0,1
BRDA:90,5,1,9
BRDA:122,6,0,4
BRDA:122,6,1,6
BRDA:122,7,0,10
BRDA:122,7,1,9
BRDA:122,7,2,9
BRF:15
BRH:15
end_of_record
